Performing C SOURCE FILE Test CMAKE_HAVE_LIBC_PTHREAD failed with the following output:
Change Dir: /tmp/tmp.ZfjOusJDzA/cmake-build-debug-dm-vio/CMakeFiles/CMakeTmp

Run Build Command(s):/usr/bin/make -f Makefile cmTC_864ba/fast && /usr/bin/make  -f CMakeFiles/cmTC_864ba.dir/build.make CMakeFiles/cmTC_864ba.dir/build
make[1]: Entering directory '/tmp/tmp.ZfjOusJDzA/cmake-build-debug-dm-vio/CMakeFiles/CMakeTmp'
Building C object CMakeFiles/cmTC_864ba.dir/src.c.o
/usr/bin/cc -DCMAKE_HAVE_LIBC_PTHREAD   -o CMakeFiles/cmTC_864ba.dir/src.c.o -c /tmp/tmp.ZfjOusJDzA/cmake-build-debug-dm-vio/CMakeFiles/CMakeTmp/src.c
Linking C executable cmTC_864ba
/usr/bin/cmake -E cmake_link_script CMakeFiles/cmTC_864ba.dir/link.txt --verbose=1
/usr/bin/cc -rdynamic CMakeFiles/cmTC_864ba.dir/src.c.o -o cmTC_864ba 
CMakeFiles/cmTC_864ba.dir/src.c.o: In function `main':
src.c:(.text+0x3e): undefined reference to `pthread_create'
src.c:(.text+0x4a): undefined reference to `pthread_detach'
src.c:(.text+0x56): undefined reference to `pthread_cancel'
src.c:(.text+0x67): undefined reference to `pthread_join'
src.c:(.text+0x7b): undefined reference to `pthread_atfork'
collect2: error: ld returned 1 exit status
CMakeFiles/cmTC_864ba.dir/build.make:98: recipe for target 'cmTC_864ba' failed
make[1]: *** [cmTC_864ba] Error 1
make[1]: Leaving directory '/tmp/tmp.ZfjOusJDzA/cmake-build-debug-dm-vio/CMakeFiles/CMakeTmp'
Makefile:127: recipe for target 'cmTC_864ba/fast' failed
make: *** [cmTC_864ba/fast] Error 2


Source file was:
#include <pthread.h>

static void* test_func(void* data)
{
  return data;
}

int main(void)
{
  pthread_t thread;
  pthread_create(&thread, NULL, test_func, NULL);
  pthread_detach(thread);
  pthread_cancel(thread);
  pthread_join(thread, NULL);
  pthread_atfork(NULL, NULL, NULL);
  pthread_exit(NULL);

  return 0;
}

Determining if the function pthread_create exists in the pthreads failed with the following output:
Change Dir: /tmp/tmp.ZfjOusJDzA/cmake-build-debug-dm-vio/CMakeFiles/CMakeTmp

Run Build Command(s):/usr/bin/make -f Makefile cmTC_dd6da/fast && /usr/bin/make  -f CMakeFiles/cmTC_dd6da.dir/build.make CMakeFiles/cmTC_dd6da.dir/build
make[1]: Entering directory '/tmp/tmp.ZfjOusJDzA/cmake-build-debug-dm-vio/CMakeFiles/CMakeTmp'
Building C object CMakeFiles/cmTC_dd6da.dir/CheckFunctionExists.c.o
/usr/bin/cc   -DCHECK_FUNCTION_EXISTS=pthread_create -o CMakeFiles/cmTC_dd6da.dir/CheckFunctionExists.c.o -c /usr/share/cmake-3.22/Modules/CheckFunctionExists.c
Linking C executable cmTC_dd6da
/usr/bin/cmake -E cmake_link_script CMakeFiles/cmTC_dd6da.dir/link.txt --verbose=1
/usr/bin/cc  -DCHECK_FUNCTION_EXISTS=pthread_create -rdynamic CMakeFiles/cmTC_dd6da.dir/CheckFunctionExists.c.o -o cmTC_dd6da  -lpthreads 
/usr/bin/ld: cannot find -lpthreads
collect2: error: ld returned 1 exit status
CMakeFiles/cmTC_dd6da.dir/build.make:98: recipe for target 'cmTC_dd6da' failed
make[1]: *** [cmTC_dd6da] Error 1
make[1]: Leaving directory '/tmp/tmp.ZfjOusJDzA/cmake-build-debug-dm-vio/CMakeFiles/CMakeTmp'
Makefile:127: recipe for target 'cmTC_dd6da/fast' failed
make: *** [cmTC_dd6da/fast] Error 2



